<?xml version="1.0" encoding="UTF-8"?>
<testng-results ignored="0" total="1" passed="1" failed="0" skipped="0">
  <reporter-output>
  </reporter-output>
  <suite started-at="2023-09-13T18:35:47 IST" name="Default suite" finished-at="2023-09-13T18:36:09 IST" duration-ms="21725">
    <groups>
    </groups>
    <test started-at="2023-09-13T18:35:47 IST" name="Default test" finished-at="2023-09-13T18:36:09 IST" duration-ms="21725">
      <class name="Test.Actitime_Loginpage_Test">
        <test-method signature="m()[pri:0, instance:Test.Actitime_Loginpage_Test@d4342c2]" started-at="2023-09-13T18:35:47 IST" name="m" finished-at="2023-09-13T18:36:09 IST" duration-ms="21671" status="PASS">
          <reporter-output>
          </reporter-output>
        </test-method> <!-- m -->
      </class> <!-- Test.Actitime_Loginpage_Test -->
    </test> <!-- Default test -->
  </suite> <!-- Default suite -->
</testng-results>
